<?xml version="1.0" encoding="UTF-8"?>
<testng-results ignored="0" total="2" passed="2" failed="0" skipped="0">
  <reporter-output>
  </reporter-output>
  <suite started-at="2022-07-27T13:39:06Z" name="Default suite" finished-at="2022-07-27T13:39:14Z" duration-ms="8111">
    <groups>
    </groups>
    <test started-at="2022-07-27T13:39:06Z" name="Default test" finished-at="2022-07-27T13:39:14Z" duration-ms="8111">
      <class name="Test.testcaeseValidations">
        <test-method is-config="true" signature="setup()[pri:0, instance:Test.testcaeseValidations@26ceffa8]" started-at="2022-07-27T13:39:06Z" name="setup" finished-at="2022-07-27T13:39:13Z" duration-ms="6544" status="PASS">
          <reporter-output>
          </reporter-output>
        </test-method> <!-- setup -->
        <test-method signature="verifysortableClick()[pri:0, instance:Test.testcaeseValidations@26ceffa8]" started-at="2022-07-27T13:39:13Z" name="verifysortableClick" finished-at="2022-07-27T13:39:13Z" duration-ms="749" status="PASS">
          <reporter-output>
          </reporter-output>
        </test-method> <!-- verifysortableClick -->
        <test-method signature="verifysortabletab()[pri:1, instance:Test.testcaeseValidations@26ceffa8]" started-at="2022-07-27T13:39:13Z" name="verifysortabletab" finished-at="2022-07-27T13:39:14Z" duration-ms="799" status="PASS">
          <reporter-output>
          </reporter-output>
        </test-method> <!-- verifysortabletab -->
      </class> <!-- Test.testcaeseValidations -->
    </test> <!-- Default test -->
  </suite> <!-- Default suite -->
</testng-results>
